Build started 29/04/15 02:15:09.
     1>Project "C:\Users\AndresMauricio\Documents\GitHub\LeapMotionImageCorrection\LeapMotionImageCorrection\LeapMotionImageCorrection.vcxproj" on node 2 (Build target(s)).
     1>ClCompile:
         C:\Program Files (x86)\Microsoft Visual Studio 12.0\VC\bin\CL.exe /c /Zi /nologo /W3 /WX- /sdl /O2 /Oi /Oy- /GL /D _MBCS /Gm- /EHsc /MD /GS /Gy /fp:precise /Zc:wchar_t /Zc:forScope /Fo"Release\\" /Fd"Release\vc120.pdb" /Gd /TP /analyze- /errorReport:prompt main.cpp
         main.cpp
     1>main.cpp(109): warning C4244: 'initializing' : conversion from 'float' to 'int', possible loss of data
     1>main.cpp(121): warning C4244: 'initializing' : conversion from 'float' to 'int', possible loss of data
       Link:
         C:\Program Files (x86)\Microsoft Visual Studio 12.0\VC\bin\link.exe /ERRORREPORT:PROMPT /OUT:"C:\Users\AndresMauricio\Documents\GitHub\LeapMotionImageCorrection\Release\LeapMotionImageCorrection.exe" /NOLOGO /LIBPATH:C:\dev\leapmotion\LeapSDK\lib\x86 /LIBPATH:C:\dev\opencv\build\x86\vc10\lib Leap.lib opencv_calib3d2410.lib opencv_contrib2410.lib opencv_core2410.lib opencv_features2d2410.lib opencv_flann2410.lib opencv_gpu2410.lib opencv_highgui2410.lib opencv_imgproc2410.lib opencv_legacy2410.lib opencv_ml2410.lib opencv_nonfree2410.lib opencv_objdetect2410.lib opencv_ocl2410.lib opencv_photo2410.lib opencv_stitching2410.lib opencv_superres2410.lib opencv_ts2410.lib opencv_video2410.lib opencv_videostab2410.lib kernel32.lib user32.lib gdi32.lib winspool.lib comdlg32.lib advapi32.lib shell32.lib ole32.lib oleaut32.lib uuid.lib odbc32.lib odbccp32.lib /MANIFEST /MANIFESTUAC:"level='asInvoker' uiAccess='false'" /manifest:embed /DEBUG /PDB:"C:\Users\AndresMauricio\Documents\GitHub\LeapMotionImageCorrection\Release\LeapMotionImageCorrection.pdb" /OPT:REF /OPT:ICF /LTCG /TLBID:1 /DYNAMICBASE /NXCOMPAT /IMPLIB:"C:\Users\AndresMauricio\Documents\GitHub\LeapMotionImageCorrection\Release\LeapMotionImageCorrection.lib" /MACHINE:X86 /SAFESEH Release\main.obj
         Generating code
         Finished generating code
         LeapMotionImageCorrection.vcxproj -> C:\Users\AndresMauricio\Documents\GitHub\LeapMotionImageCorrection\Release\LeapMotionImageCorrection.exe
       PostBuildEvent:
         xcopy /yr "C:\dev\leapmotion\LeapSDK\lib\x86\Leap.dll" "C:\Users\AndresMauricio\Documents\GitHub\LeapMotionImageCorrection\Release\"
         xcopy /yr "C:\dev\opencv\build\x86\vc10\bin\opencv_calib3d2410.dll" "C:\Users\AndresMauricio\Documents\GitHub\LeapMotionImageCorrection\Release\"
         xcopy /yr "C:\dev\opencv\build\x86\vc10\bin\opencv_contrib2410.dll" "C:\Users\AndresMauricio\Documents\GitHub\LeapMotionImageCorrection\Release\"
         xcopy /yr "C:\dev\opencv\build\x86\vc10\bin\opencv_core2410.dll" "C:\Users\AndresMauricio\Documents\GitHub\LeapMotionImageCorrection\Release\"
         xcopy /yr "C:\dev\opencv\build\x86\vc10\bin\opencv_features2d2410.dll" "C:\Users\AndresMauricio\Documents\GitHub\LeapMotionImageCorrection\Release\"
         xcopy /yr "C:\dev\opencv\build\x86\vc10\bin\opencv_flann2410.dll" "C:\Users\AndresMauricio\Documents\GitHub\LeapMotionImageCorrection\Release\"
         xcopy /yr "C:\dev\opencv\build\x86\vc10\bin\opencv_gpu2410.dll" "C:\Users\AndresMauricio\Documents\GitHub\LeapMotionImageCorrection\Release\"
         xcopy /yr "C:\dev\opencv\build\x86\vc10\bin\opencv_highgui2410.dll" "C:\Users\AndresMauricio\Documents\GitHub\LeapMotionImageCorrection\Release\"
         xcopy /yr "C:\dev\opencv\build\x86\vc10\bin\opencv_imgproc2410.dll" "C:\Users\AndresMauricio\Documents\GitHub\LeapMotionImageCorrection\Release\"
         xcopy /yr "C:\dev\opencv\build\x86\vc10\bin\opencv_legacy2410.dll" "C:\Users\AndresMauricio\Documents\GitHub\LeapMotionImageCorrection\Release\"
         xcopy /yr "C:\dev\opencv\build\x86\vc10\bin\opencv_ml2410.dll" "C:\Users\AndresMauricio\Documents\GitHub\LeapMotionImageCorrection\Release\"
         xcopy /yr "C:\dev\opencv\build\x86\vc10\bin\opencv_nonfree2410.dll" "C:\Users\AndresMauricio\Documents\GitHub\LeapMotionImageCorrection\Release\"
         xcopy /yr "C:\dev\opencv\build\x86\vc10\bin\opencv_objdetect2410.dll" "C:\Users\AndresMauricio\Documents\GitHub\LeapMotionImageCorrection\Release\"
         xcopy /yr "C:\dev\opencv\build\x86\vc10\bin\opencv_ocl2410.dll" "C:\Users\AndresMauricio\Documents\GitHub\LeapMotionImageCorrection\Release\"
         xcopy /yr "C:\dev\opencv\build\x86\vc10\bin\opencv_photo2410.dll" "C:\Users\AndresMauricio\Documents\GitHub\LeapMotionImageCorrection\Release\"
         xcopy /yr "C:\dev\opencv\build\x86\vc10\bin\opencv_stitching2410.dll" "C:\Users\AndresMauricio\Documents\GitHub\LeapMotionImageCorrection\Release\"
         xcopy /yr "C:\dev\opencv\build\x86\vc10\bin\opencv_superres2410.dll" "C:\Users\AndresMauricio\Documents\GitHub\LeapMotionImageCorrection\Release\"
         xcopy /yr "C:\dev\opencv\build\x86\vc10\bin\opencv_ts2410.dll" "C:\Users\AndresMauricio\Documents\GitHub\LeapMotionImageCorrection\Release\"
         xcopy /yr "C:\dev\opencv\build\x86\vc10\bin\opencv_video2410.dll" "C:\Users\AndresMauricio\Documents\GitHub\LeapMotionImageCorrection\Release\"
         xcopy /yr "C:\dev\opencv\build\x86\vc10\bin\opencv_videostab2410.dll" "C:\Users\AndresMauricio\Documents\GitHub\LeapMotionImageCorrection\Release\"
         :VCEnd
         C:\dev\leapmotion\LeapSDK\lib\x86\Leap.dll
         1 archivo(s) copiado(s)
         C:\dev\opencv\build\x86\vc10\bin\opencv_calib3d2410.dll
         1 archivo(s) copiado(s)
         C:\dev\opencv\build\x86\vc10\bin\opencv_contrib2410.dll
         1 archivo(s) copiado(s)
         C:\dev\opencv\build\x86\vc10\bin\opencv_core2410.dll
         1 archivo(s) copiado(s)
         C:\dev\opencv\build\x86\vc10\bin\opencv_features2d2410.dll
         1 archivo(s) copiado(s)
         C:\dev\opencv\build\x86\vc10\bin\opencv_flann2410.dll
         1 archivo(s) copiado(s)
         C:\dev\opencv\build\x86\vc10\bin\opencv_gpu2410.dll
         1 archivo(s) copiado(s)
         C:\dev\opencv\build\x86\vc10\bin\opencv_highgui2410.dll
         1 archivo(s) copiado(s)
         C:\dev\opencv\build\x86\vc10\bin\opencv_imgproc2410.dll
         1 archivo(s) copiado(s)
         C:\dev\opencv\build\x86\vc10\bin\opencv_legacy2410.dll
         1 archivo(s) copiado(s)
         C:\dev\opencv\build\x86\vc10\bin\opencv_ml2410.dll
         1 archivo(s) copiado(s)
         C:\dev\opencv\build\x86\vc10\bin\opencv_nonfree2410.dll
         1 archivo(s) copiado(s)
         C:\dev\opencv\build\x86\vc10\bin\opencv_objdetect2410.dll
         1 archivo(s) copiado(s)
         C:\dev\opencv\build\x86\vc10\bin\opencv_ocl2410.dll
         1 archivo(s) copiado(s)
         C:\dev\opencv\build\x86\vc10\bin\opencv_photo2410.dll
         1 archivo(s) copiado(s)
         C:\dev\opencv\build\x86\vc10\bin\opencv_stitching2410.dll
         1 archivo(s) copiado(s)
         C:\dev\opencv\build\x86\vc10\bin\opencv_superres2410.dll
         1 archivo(s) copiado(s)
         0 archivo(s) copiado(s)
         No se encuentra el archivo: opencv_ts2410.dll
         C:\dev\opencv\build\x86\vc10\bin\opencv_video2410.dll
         1 archivo(s) copiado(s)
         C:\dev\opencv\build\x86\vc10\bin\opencv_videostab2410.dll
         1 archivo(s) copiado(s)
     1>Done Building Project "C:\Users\AndresMauricio\Documents\GitHub\LeapMotionImageCorrection\LeapMotionImageCorrection\LeapMotionImageCorrection.vcxproj" (Build target(s)).

Build succeeded.

Time Elapsed 00:00:02.55
